2018-02-08 08:39:05,783 : WARN : DecodeableRpcInvocation :  [DUBBO] Decode rpc invocation failed: expected map/object at java.lang.String (Ljava/lang/String;[B), dubbo version: 2.6.0, current host: 127.0.0.1
com.alibaba.com.caucho.hessian.io.HessianProtocolException: expected map/object at java.lang.String (Ljava/lang/String;[B)
        at com.alibaba.com.caucho.hessian.io.AbstractDeserializer.error(AbstractDeserializer.java:101)
        at com.alibaba.com.caucho.hessian.io.AbstractMapDeserializer.readObject(AbstractMapDeserializer.java:68)
        at com.alibaba.com.caucho.hessian.io.Hessian2Input.readObject(Hessian2Input.java:2224)
        at com.alibaba.dubbo.common.serialize.support.hessian.Hessian2ObjectInput.readObject(Hessian2ObjectInput.java:80)
        at com.alibaba.dubbo.rpc.protocol.dubbo.DecodeableRpcInvocation.decode(DecodeableRpcInvocation.java:117)
        at com.alibaba.dubbo.rpc.protocol.dubbo.DecodeableRpcInvocation.decode(DecodeableRpcInvocation.java:69)
        at com.alibaba.dubbo.rpc.protocol.dubbo.DubboCodec.decodeBody(DubboCodec.java:128)
        at com.alibaba.dubbo.remoting.exchange.codec.ExchangeCodec.decode(ExchangeCodec.java:121)
        at com.alibaba.dubbo.remoting.exchange.codec.ExchangeCodec.decode(ExchangeCodec.java:82)
        at com.alibaba.dubbo.rpc.protocol.dubbo.DubboCountCodec.decode(DubboCountCodec.java:44)
        at com.alibaba.dubbo.remoting.transport.netty.NettyCodecAdapter$InternalDecoder.messageReceived(NettyCodecAdapter.java:133)
        at org.jboss.netty.channel.SimpleChannelUpstreamHandler.handleUpstream(SimpleChannelUpstreamHandler.java:70)
        at org.jboss.netty.channel.DefaultChannelPipeline.sendUpstream(DefaultChannelPipeline.java:564)
        at org.jboss.netty.channel.DefaultChannelPipeline.sendUpstream(DefaultChannelPipeline.java:559)
        at org.jboss.netty.channel.Channels.fireMessageReceived(Channels.java:268)
        at org.jboss.netty.channel.Channels.fireMessageReceived(Channels.java:255)
        at org.jboss.netty.channel.socket.nio.NioWorker.read(NioWorker.java:88)
        at org.jboss.netty.channel.socket.nio.AbstractNioWorker.process(AbstractNioWorker.java:108)
        at org.jboss.netty.channel.socket.nio.AbstractNioSelector.run(AbstractNioSelector.java:337)
        at org.jboss.netty.channel.socket.nio.AbstractNioWorker.run(AbstractNioWorker.java:89)
        at org.jboss.netty.channel.socket.nio.NioWorker.run(NioWorker.java:178)
        at org.jboss.netty.util.ThreadRenamingRunnable.run(ThreadRenamingRunnable.java:108)
        at org.jboss.netty.util.internal.DeadLockProofWorker$1.run(DeadLockProofWorker.java:42)
        at java.util.concurrent.ThreadPoolExecutor.runWorker(ThreadPoolExecutor.java:1142)
        at java.util.concurrent.ThreadPoolExecutor$Worker.run(ThreadPoolExecutor.java:617)
        at java.lang.Thread.run(Thread.java:748)
